Analysis & Synthesis report for Project_g
Sat Aug 27 23:11:29 2022
Quartus II Version 9.0 Build 132 02/25/2009 SJ Web Edition


---------------------
; Table of Contents ;
---------------------
  1. Legal Notice
  2. Analysis & Synthesis Summary
  3. Analysis & Synthesis Settings
  4. Analysis & Synthesis Source Files Read
  5. Analysis & Synthesis Resource Usage Summary
  6. Analysis & Synthesis Resource Utilization by Entity
  7. General Register Statistics
  8. Port Connectivity Checks: "MUX4x1:comb_11"
  9. Port Connectivity Checks: "adder:comb_10"
 10. Port Connectivity Checks: "MUX2x1_B:comb_6"
 11. Analysis & Synthesis Messages



----------------
; Legal Notice ;
----------------
Copyright (C) 1991-2009 Altera Corporation
Your use of Altera Corporation's design tools, logic functions 
and other software and tools, and its AMPP partner logic 
functions, and any output files from any of the foregoing 
(including device programming or simulation files), and any 
associated documentation or information are expressly subject 
to the terms and conditions of the Altera Program License 
Subscription Agreement, Altera MegaCore Function License 
Agreement, or other applicable license agreement, including, 
without limitation, that your use is for the sole purpose of 
programming logic devices manufactured by Altera and sold by 
Altera or its authorized distributors.  Please refer to the 
applicable agreement for further details.



+------------------------------------------------------------------------------+
; Analysis & Synthesis Summary                                                 ;
+------------------------------------+-----------------------------------------+
; Analysis & Synthesis Status        ; Successful - Sat Aug 27 23:11:29 2022   ;
; Quartus II Version                 ; 9.0 Build 132 02/25/2009 SJ Web Edition ;
; Revision Name                      ; Project_g                               ;
; Top-level Entity Name              ; whole_system                            ;
; Family                             ; Cyclone II                              ;
; Total logic elements               ; 0                                       ;
;     Total combinational functions  ; 0                                       ;
;     Dedicated logic registers      ; 0                                       ;
; Total registers                    ; 0                                       ;
; Total pins                         ; 10                                      ;
; Total virtual pins                 ; 0                                       ;
; Total memory bits                  ; 0                                       ;
; Embedded Multiplier 9-bit elements ; 0                                       ;
; Total PLLs                         ; 0                                       ;
+------------------------------------+-----------------------------------------+


+----------------------------------------------------------------------------------------------------------+
; Analysis & Synthesis Settings                                                                            ;
+----------------------------------------------------------------+--------------------+--------------------+
; Option                                                         ; Setting            ; Default Value      ;
+----------------------------------------------------------------+--------------------+--------------------+
; Device                                                         ; EP2C20F484C7       ;                    ;
; Top-level entity name                                          ; whole_system       ; Project_g          ;
; Family name                                                    ; Cyclone II         ; Stratix II         ;
; Use Generated Physical Constraints File                        ; Off                ;                    ;
; Use smart compilation                                          ; Off                ; Off                ;
; Restructure Multiplexers                                       ; Auto               ; Auto               ;
; Create Debugging Nodes for IP Cores                            ; Off                ; Off                ;
; Preserve fewer node names                                      ; On                 ; On                 ;
; Disable OpenCore Plus hardware evaluation                      ; Off                ; Off                ;
; Verilog Version                                                ; Verilog_2001       ; Verilog_2001       ;
; VHDL Version                                                   ; VHDL93             ; VHDL93             ;
; State Machine Processing                                       ; Auto               ; Auto               ;
; Safe State Machine                                             ; Off                ; Off                ;
; Extract Verilog State Machines                                 ; On                 ; On                 ;
; Extract VHDL State Machines                                    ; On                 ; On                 ;
; Ignore Verilog initial constructs                              ; Off                ; Off                ;
; Iteration limit for constant Verilog loops                     ; 5000               ; 5000               ;
; Iteration limit for non-constant Verilog loops                 ; 250                ; 250                ;
; Add Pass-Through Logic to Inferred RAMs                        ; On                 ; On                 ;
; Parallel Synthesis                                             ; Off                ; Off                ;
; DSP Block Balancing                                            ; Auto               ; Auto               ;
; NOT Gate Push-Back                                             ; On                 ; On                 ;
; Power-Up Don't Care                                            ; On                 ; On                 ;
; Remove Redundant Logic Cells                                   ; Off                ; Off                ;
; Remove Duplicate Registers                                     ; On                 ; On                 ;
; Ignore CARRY Buffers                                           ; Off                ; Off                ;
; Ignore CASCADE Buffers                                         ; Off                ; Off                ;
; Ignore GLOBAL Buffers                                          ; Off                ; Off                ;
; Ignore ROW GLOBAL Buffers                                      ; Off                ; Off                ;
; Ignore LCELL Buffers                                           ; Off                ; Off                ;
; Ignore SOFT Buffers                                            ; On                 ; On                 ;
; Limit AHDL Integers to 32 Bits                                 ; Off                ; Off                ;
; Optimization Technique                                         ; Balanced           ; Balanced           ;
; Carry Chain Length                                             ; 70                 ; 70                 ;
; Auto Carry Chains                                              ; On                 ; On                 ;
; Auto Open-Drain Pins                                           ; On                 ; On                 ;
; Perform WYSIWYG Primitive Resynthesis                          ; Off                ; Off                ;
; Auto ROM Replacement                                           ; On                 ; On                 ;
; Auto RAM Replacement                                           ; On                 ; On                 ;
; Auto Shift Register Replacement                                ; Auto               ; Auto               ;
; Auto Clock Enable Replacement                                  ; On                 ; On                 ;
; Strict RAM Replacement                                         ; Off                ; Off                ;
; Allow Synchronous Control Signals                              ; On                 ; On                 ;
; Force Use of Synchronous Clear Signals                         ; Off                ; Off                ;
; Auto RAM to Logic Cell Conversion                              ; Off                ; Off                ;
; Auto Resource Sharing                                          ; Off                ; Off                ;
; Allow Any RAM Size For Recognition                             ; Off                ; Off                ;
; Allow Any ROM Size For Recognition                             ; Off                ; Off                ;
; Allow Any Shift Register Size For Recognition                  ; Off                ; Off                ;
; Use LogicLock Constraints during Resource Balancing            ; On                 ; On                 ;
; Ignore translate_off and synthesis_off directives              ; Off                ; Off                ;
; Timing-Driven Synthesis                                        ; Off                ; Off                ;
; Show Parameter Settings Tables in Synthesis Report             ; On                 ; On                 ;
; Ignore Maximum Fan-Out Assignments                             ; Off                ; Off                ;
; Synchronization Register Chain Length                          ; 2                  ; 2                  ;
; PowerPlay Power Optimization                                   ; Normal compilation ; Normal compilation ;
; HDL message level                                              ; Level2             ; Level2             ;
; Suppress Register Optimization Related Messages                ; Off                ; Off                ;
; Number of Removed Registers Reported in Synthesis Report       ; 100                ; 100                ;
; Number of Inverted Registers Reported in Synthesis Report      ; 100                ; 100                ;
; Clock MUX Protection                                           ; On                 ; On                 ;
; Auto Gated Clock Conversion                                    ; Off                ; Off                ;
; Block Design Naming                                            ; Auto               ; Auto               ;
; SDC constraint protection                                      ; Off                ; Off                ;
; Synthesis Effort                                               ; Auto               ; Auto               ;
; Allows Asynchronous Clear Usage For Shift Register Replacement ; On                 ; On                 ;
; Analysis & Synthesis Message Level                             ; Medium             ; Medium             ;
+----------------------------------------------------------------+--------------------+--------------------+


+-----------------------------------------------------------------------------------------------------------------------------+
; Analysis & Synthesis Source Files Read                                                                                      ;
+----------------------------------+-----------------+------------------------+-----------------------------------------------+
; File Name with User-Entered Path ; Used in Netlist ; File Type              ; File Name with Absolute Path                  ;
+----------------------------------+-----------------+------------------------+-----------------------------------------------+
; pAnd.v                           ; yes             ; User Verilog HDL File  ; C:/altera/90/quartus/Project_g/pAnd.v         ;
; pOr.v                            ; yes             ; User Verilog HDL File  ; C:/altera/90/quartus/Project_g/pOr.v          ;
; MUX2x1_A.v                       ; yes             ; User Verilog HDL File  ; C:/altera/90/quartus/Project_g/MUX2x1_A.v     ;
; MUX2x1_B.v                       ; yes             ; User Verilog HDL File  ; C:/altera/90/quartus/Project_g/MUX2x1_B.v     ;
; adder.v                          ; yes             ; User Verilog HDL File  ; C:/altera/90/quartus/Project_g/adder.v        ;
; MUX4x1.v                         ; yes             ; User Verilog HDL File  ; C:/altera/90/quartus/Project_g/MUX4x1.v       ;
; whole_system.v                   ; yes             ; User Verilog HDL File  ; C:/altera/90/quartus/Project_g/whole_system.v ;
+----------------------------------+-----------------+------------------------+-----------------------------------------------+


+-----------------------------------------------------+
; Analysis & Synthesis Resource Usage Summary         ;
+---------------------------------------------+-------+
; Resource                                    ; Usage ;
+---------------------------------------------+-------+
;                                             ;       ;
; Total combinational functions               ; 0     ;
; Logic element usage by number of LUT inputs ;       ;
;     -- 4 input functions                    ; 0     ;
;     -- 3 input functions                    ; 0     ;
;     -- <=2 input functions                  ; 0     ;
;                                             ;       ;
; Logic elements by mode                      ;       ;
;     -- normal mode                          ; 0     ;
;     -- arithmetic mode                      ; 0     ;
;                                             ;       ;
; Total registers                             ; 0     ;
;     -- Dedicated logic registers            ; 0     ;
;     -- I/O registers                        ; 0     ;
;                                             ;       ;
; I/O pins                                    ; 10    ;
+---------------------------------------------+-------+


+-----------------------------------------------------------------------------------------------------------------------------------------------------------------------------+
; Analysis & Synthesis Resource Utilization by Entity                                                                                                                         ;
+----------------------------+-------------------+--------------+-------------+--------------+---------+-----------+------+--------------+---------------------+--------------+
; Compilation Hierarchy Node ; LC Combinationals ; LC Registers ; Memory Bits ; DSP Elements ; DSP 9x9 ; DSP 18x18 ; Pins ; Virtual Pins ; Full Hierarchy Name ; Library Name ;
+----------------------------+-------------------+--------------+-------------+--------------+---------+-----------+------+--------------+---------------------+--------------+
; |whole_system              ; 0 (0)             ; 0 (0)        ; 0           ; 0            ; 0       ; 0         ; 10   ; 0            ; |whole_system       ; work         ;
+----------------------------+-------------------+--------------+-------------+--------------+---------+-----------+------+--------------+---------------------+--------------+
Note: For table entries with two numbers listed, the numbers in parentheses indicate the number of resources of the given type used by the specific entity alone. The numbers listed outside of parentheses indicate the total resources of the given type used by the specific entity and all of its sub-entities in the hierarchy.


+------------------------------------------------------+
; General Register Statistics                          ;
+----------------------------------------------+-------+
; Statistic                                    ; Value ;
+----------------------------------------------+-------+
; Total registers                              ; 0     ;
; Number of registers using Synchronous Clear  ; 0     ;
; Number of registers using Synchronous Load   ; 0     ;
; Number of registers using Asynchronous Clear ; 0     ;
; Number of registers using Asynchronous Load  ; 0     ;
; Number of registers using Clock Enable       ; 0     ;
; Number of registers using Preset             ; 0     ;
+----------------------------------------------+-------+


+----------------------------------------------------------------------------------------------------------------+
; Port Connectivity Checks: "MUX4x1:comb_11"                                                                     ;
+------+--------+----------+-------------------------------------------------------------------------------------+
; Port ; Type   ; Severity ; Details                                                                             ;
+------+--------+----------+-------------------------------------------------------------------------------------+
; res  ; Output ; Info     ; Connected to dangling logic. Logic that only feeds a dangling port will be removed. ;
+------+--------+----------+-------------------------------------------------------------------------------------+


+-----------------------------------------------------------------------------------------------------------------+
; Port Connectivity Checks: "adder:comb_10"                                                                       ;
+-------+--------+----------+-------------------------------------------------------------------------------------+
; Port  ; Type   ; Severity ; Details                                                                             ;
+-------+--------+----------+-------------------------------------------------------------------------------------+
; c_out ; Output ; Info     ; Connected to dangling logic. Logic that only feeds a dangling port will be removed. ;
+-------+--------+----------+-------------------------------------------------------------------------------------+


+----------------------------------------------------------------------------------------------------------------+
; Port Connectivity Checks: "MUX2x1_B:comb_6"                                                                    ;
+------+--------+----------+-------------------------------------------------------------------------------------+
; Port ; Type   ; Severity ; Details                                                                             ;
+------+--------+----------+-------------------------------------------------------------------------------------+
; out  ; Output ; Info     ; Connected to dangling logic. Logic that only feeds a dangling port will be removed. ;
+------+--------+----------+-------------------------------------------------------------------------------------+


+-------------------------------+
; Analysis & Synthesis Messages ;
+-------------------------------+
Info: *******************************************************************
Info: Running Quartus II Analysis & Synthesis
    Info: Version 9.0 Build 132 02/25/2009 SJ Web Edition
    Info: Processing started: Sat Aug 27 23:11:29 2022
Info: Command: quartus_map --read_settings_files=on --write_settings_files=off Project_g -c Project_g
Info: Found 1 design units, including 1 entities, in source file pAnd.v
    Info: Found entity 1: pAnd
Info: Found 1 design units, including 1 entities, in source file pOr.v
    Info: Found entity 1: pOr
Info: Found 1 design units, including 1 entities, in source file MUX2x1_A.v
    Info: Found entity 1: MUX2x1_A
Info: Found 1 design units, including 1 entities, in source file MUX2x1_B.v
    Info: Found entity 1: MUX2x1_B
Info: Found 1 design units, including 1 entities, in source file adder.v
    Info: Found entity 1: adder
Info: Found 1 design units, including 1 entities, in source file MUX4x1.v
    Info: Found entity 1: MUX4x1
Info: Found 1 design units, including 1 entities, in source file whole_system.v
    Info: Found entity 1: whole_system
Info: Found 1 design units, including 1 entities, in source file Block_DiagramProject.bdf
    Info: Found entity 1: Block_DiagramProject
Info: Found 1 design units, including 1 entities, in source file block_adder.bdf
    Info: Found entity 1: block_adder
Info: Found 1 design units, including 1 entities, in source file block_mux4x1.bdf
    Info: Found entity 1: block_mux4x1
Info: Found 1 design units, including 1 entities, in source file Block_pOr.bdf
    Info: Found entity 1: Block_pOr
Info: Found 1 design units, including 1 entities, in source file Block_pAnd.bdf
    Info: Found entity 1: Block_pAnd
Info: Found 1 design units, including 1 entities, in source file Block_MUX2x1_A.bdf
    Info: Found entity 1: Block_MUX2x1_A
Info: Found 1 design units, including 1 entities, in source file Block_MUX2x1_B.bdf
    Info: Found entity 1: Block_MUX2x1_B
Warning (10236): Verilog HDL Implicit Net warning at adder.v(10): created implicit net for "c1"
Warning (10236): Verilog HDL Implicit Net warning at MUX4x1.v(18): created implicit net for "w4"
Critical Warning (10846): Verilog HDL Instantiation warning at whole_system.v(9): instance has no name
Critical Warning (10846): Verilog HDL Instantiation warning at whole_system.v(10): instance has no name
Critical Warning (10846): Verilog HDL Instantiation warning at whole_system.v(12): instance has no name
Critical Warning (10846): Verilog HDL Instantiation warning at whole_system.v(13): instance has no name
Critical Warning (10846): Verilog HDL Instantiation warning at whole_system.v(15): instance has no name
Critical Warning (10846): Verilog HDL Instantiation warning at whole_system.v(17): instance has no name
Info: Elaborating entity "whole_system" for the top level hierarchy
Info: Elaborating entity "MUX2x1_A" for hierarchy "MUX2x1_A:comb_4"
Info: Elaborating entity "MUX2x1_B" for hierarchy "MUX2x1_B:comb_6"
Info: Elaborating entity "pAnd" for hierarchy "pAnd:comb_8"
Info: Elaborating entity "pOr" for hierarchy "pOr:comb_9"
Info: Elaborating entity "adder" for hierarchy "adder:comb_10"
Warning (10030): Net "w1" at adder.v(6) has no driver or initial value, using a default initial value '0'
Info: Elaborating entity "MUX4x1" for hierarchy "MUX4x1:comb_11"
Warning: Net is missing source, defaulting to GND
    Warning (12110): Net "w5" is missing source, defaulting to GND
Warning: Net is missing source, defaulting to GND
    Warning (12110): Net "w4" is missing source, defaulting to GND
    Warning (12110): Net "w5" is missing source, defaulting to GND
Warning: Net is missing source, defaulting to GND
    Warning (12110): Net "w3" is missing source, defaulting to GND
    Warning (12110): Net "w4" is missing source, defaulting to GND
    Warning (12110): Net "w5" is missing source, defaulting to GND
Warning: Net is missing source, defaulting to GND
    Warning (12110): Net "w3" is missing source, defaulting to GND
    Warning (12110): Net "w4" is missing source, defaulting to GND
    Warning (12110): Net "w5" is missing source, defaulting to GND
Warning: Net is missing source, defaulting to GND
    Warning (12110): Net "w3" is missing source, defaulting to GND
    Warning (12110): Net "w4" is missing source, defaulting to GND
    Warning (12110): Net "w5" is missing source, defaulting to GND
Warning: Output pins are stuck at VCC or GND
    Warning (13410): Pin "c_out" is stuck at GND
    Warning (13410): Pin "res" is stuck at GND
Warning: Design contains 8 input pin(s) that do not drive logic
    Warning (15610): No output dependent on input pin "a"
    Warning (15610): No output dependent on input pin "b"
    Warning (15610): No output dependent on input pin "invertA"
    Warning (15610): No output dependent on input pin "invertB"
    Warning (15610): No output dependent on input pin "c_in"
    Warning (15610): No output dependent on input pin "input4"
    Warning (15610): No output dependent on input pin "s[0]"
    Warning (15610): No output dependent on input pin "s[1]"
Info: Implemented 10 device resources after synthesis - the final resource count might be different
    Info: Implemented 8 input pins
    Info: Implemented 2 output pins
Info: Quartus II Analysis & Synthesis was successful. 0 errors, 38 warnings
    Info: Peak virtual memory: 229 megabytes
    Info: Processing ended: Sat Aug 27 23:11:29 2022
    Info: Elapsed time: 00:00:00
    Info: Total CPU time (on all processors): 00:00:01


